{"numFailedTestSuites":0,"numFailedTests":0,"numPassedTestSuites":1,"numPassedTests":1,"numPendingTestSuites":0,"numPendingTests":0,"numRuntimeErrorTestSuites":0,"numTodoTests":0,"numTotalTestSuites":1,"numTotalTests":1,"openHandles":[],"snapshot":{"added":0,"didUpdate":false,"failure":false,"filesAdded":0,"filesRemoved":0,"filesRemovedList":[],"filesUnmatched":0,"filesUpdated":0,"matched":1,"total":1,"unchecked":0,"uncheckedKeysByFile":[],"unmatched":0,"updated":0},"startTime":1733701026462,"success":true,"testResults":[{"assertionResults":[{"ancestorTitles":["pastas"],"duration":458,"failureDetails":[],"failureMessages":[],"fullName":"pastas that the pasta list works","invocations":1,"location":{"column":3,"line":4},"numPassingAsserts":1,"retryReasons":[],"status":"passed","title":"that the pasta list works"}],"endTime":1733701027167,"message":"","name":"/Users/thomasvandort/code/botini/src/pasta.test.js","startTime":1733701026502,"status":"passed","summary":""}],"wasInterrupted":false,"coverageMap":{"/Users/thomasvandort/code/botini/src/pasta.js":{"path":"/Users/thomasvandort/code/botini/src/pasta.js","statementMap":{"0":{"start":{"line":5,"column":19},"end":{"line":7,"column":3}},"1":{"start":{"line":8,"column":15},"end":{"line":8,"column":36}},"2":{"start":{"line":9,"column":15},"end":{"line":9,"column":26}},"3":{"start":{"line":11,"column":19},"end":{"line":11,"column":51}},"4":{"start":{"line":12,"column":17},"end":{"line":12,"column":19}},"5":{"start":{"line":13,"column":2},"end":{"line":15,"column":3}},"6":{"start":{"line":14,"column":4},"end":{"line":14,"column":42}},"7":{"start":{"line":17,"column":17},"end":{"line":17,"column":19}},"8":{"start":{"line":18,"column":2},"end":{"line":24,"column":3}},"9":{"start":{"line":19,"column":17},"end":{"line":19,"column":68}},"10":{"start":{"line":20,"column":4},"end":{"line":23,"column":5}},"11":{"start":{"line":20,"column":24},"end":{"line":20,"column":25}},"12":{"start":{"line":21,"column":18},"end":{"line":21,"column":32}},"13":{"start":{"line":22,"column":6},"end":{"line":22,"column":59}},"14":{"start":{"line":26,"column":2},"end":{"line":26,"column":16}}},"fnMap":{"0":{"name":"fetchPastas","decl":{"start":{"line":4,"column":22},"end":{"line":4,"column":33}},"loc":{"start":{"line":4,"column":36},"end":{"line":27,"column":1}},"line":4}},"branchMap":{},"s":{"0":1,"1":1,"2":1,"3":1,"4":1,"5":1,"6":6,"7":1,"8":1,"9":6,"10":6,"11":6,"12":180,"13":180,"14":1},"f":{"0":1},"b":{},"inputSourceMap":null,"_coverageSchema":"1a1c01bbd47fc00a2c39e90264f33305004495a9","hash":"a7156aeef77204e6cd6d6a987b763b02b99ad239"}}}
